<?xml version="1.0" encoding="UTF-8"?>
<robot generator="Robot 7.2 (Python 3.13.2 on win32)" generated="2025-02-05T23:21:30.547280" rpa="false" schemaversion="5">
<suite id="s1" name="Serve-Rest-Front" source="d:\Arquivos\Documents\QualityAssurance\Robot\playwright\tests\serve-rest-front.robot">
<test id="s1-t1" name="Login com sucesso Serve Rest Front" line="6">
<kw name="Abrir o navegador" owner="serve-rest-front">
<kw name="New Browser" owner="Browser">
<msg time="2025-02-05T23:21:31.369159" level="INFO">{"browser": "chromium", "headless": false, "chromiumSandbox": false, "devtools": false, "handleSIGHUP": true, "handleSIGINT": true, "handleSIGTERM": true, "slowMo": 0.0, "timeout": 30000.0, "tracesDir": "D:\\Arquivos\\Documents\\QualityAssurance\\Robot\\playwright\\browser\\traces\\temp\\23021d11-cdca-48da-9484-20e46e0118c8"}</msg>
<msg time="2025-02-05T23:21:31.413044" level="INFO">Starting Browser process C:\Users\Barbara\AppData\Local\Programs\Python\Python313\Lib\site-packages\Browser\wrapper\index.js using port 52485</msg>
<msg time="2025-02-05T23:21:31.413492" level="INFO">Node startup parameters: ['node', 'C:\\Users\\Barbara\\AppData\\Local\\Programs\\Python\\Python313\\Lib\\site-packages\\Browser\\wrapper\\index.js', '52485']</msg>
<msg time="2025-02-05T23:21:32.787883" level="INFO">Successfully created browser with options: {"browser":"chromium","headless":false,"chromiumSandbox":false,"devtools":false,"handleSIGHUP":true,"handleSIGINT":true,"handleSIGTERM":true,"slowMo":0,"timeout":30000,"tracesDir":"D:\\Arquivos\\Documents\\QualityAssurance\\Robot\\playwright\\browser\\traces\\temp\\23021d11-cdca-48da-9484-20e46e0118c8"}</msg>
<arg>browser=${BROWSER}</arg>
<arg>headless=${HEADLESS}</arg>
<tag>BrowserControl</tag>
<tag>Setter</tag>
<doc>Create a new playwright Browser with specified options.</doc>
<status status="PASS" start="2025-02-05T23:21:31.366403" elapsed="1.422192"/>
</kw>
<kw name="New Context" owner="Browser">
<msg time="2025-02-05T23:21:32.793168" level="INFO">{
  "acceptDownloads": true,
  "bypassCSP": false,
  "forcedColors": "none",
  "ignoreHTTPSErrors": false,
  "javaScriptEnabled": true,
  "offline": false,
  "reducedMotion": "no-preference",
  "serviceWorkers": "allow",
  "viewport": {
    "height": 720,
    "width": 1280
  }
}</msg>
<msg time="2025-02-05T23:21:32.823633" level="INFO">Successfully created context. </msg>
<msg time="2025-02-05T23:21:32.823970" level="INFO">{'acceptDownloads': True, 'bypassCSP': False, 'forcedColors': 'none', 'ignoreHTTPSErrors': False, 'javaScriptEnabled': True, 'offline': False, 'reducedMotion': 'no-preference', 'serviceWorkers': 'allow', 'viewport': {'height': 720, 'width': 1280}}</msg>
<arg>viewport={'width': 1280, 'height': 720}</arg>
<tag>BrowserControl</tag>
<tag>Setter</tag>
<doc>Create a new BrowserContext with specified options.</doc>
<status status="PASS" start="2025-02-05T23:21:32.789379" elapsed="0.034864"/>
</kw>
<status status="PASS" start="2025-02-05T23:21:31.363695" elapsed="1.460854"/>
</kw>
<kw name="Ir para o site Serve Rest Front" owner="serve-rest-front">
<kw name="New Page" owner="Browser">
<msg time="2025-02-05T23:21:35.934748" level="INFO">Successfully initialized new page object and opened url: https://front.serverest.dev/login</msg>
<arg>url=${SITE_SERVE_REST}</arg>
<tag>BrowserControl</tag>
<tag>Setter</tag>
<doc>Open a new Page.</doc>
<status status="PASS" start="2025-02-05T23:21:32.826855" elapsed="3.108529"/>
</kw>
<status status="PASS" start="2025-02-05T23:21:32.825475" elapsed="3.110262"/>
</kw>
<kw name="Preencher os dados do novo usuário e cadastrar" owner="serve-rest-front">
<kw name="Click" owner="Browser">
<msg time="2025-02-05T23:21:35.940765" level="INFO">Clicks the element 'css=.btn-link'.</msg>
<arg>css=.btn-link</arg>
<tag>PageContent</tag>
<tag>Setter</tag>
<doc>Simulates mouse click on the element found by ``selector``.</doc>
<status status="PASS" start="2025-02-05T23:21:35.938674" elapsed="0.277754"/>
</kw>
<kw name="Email" owner="FakerLibrary">
<msg time="2025-02-05T23:21:36.218308" level="INFO">${EMAIL} = kristinamckay@example.net</msg>
<var>${EMAIL}</var>
<status status="PASS" start="2025-02-05T23:21:36.216879" elapsed="0.001673"/>
</kw>
<kw name="Fill Text" owner="Browser">
<msg time="2025-02-05T23:21:36.219961" level="INFO">Fills the text 'Bárbara Andrade' in the given field.</msg>
<arg>css=\#nome</arg>
<arg>Bárbara Andrade</arg>
<tag>PageContent</tag>
<tag>Setter</tag>
<doc>Clears and fills the given ``txt`` into the text field found by ``selector``.</doc>
<status status="PASS" start="2025-02-05T23:21:36.218834" elapsed="0.027013"/>
</kw>
<kw name="Fill Text" owner="Browser">
<msg time="2025-02-05T23:21:36.247860" level="INFO">Fills the text 'kristinamckay@example.net' in the given field.</msg>
<arg>css=\#email</arg>
<arg>${EMAIL}</arg>
<tag>PageContent</tag>
<tag>Setter</tag>
<doc>Clears and fills the given ``txt`` into the text field found by ``selector``.</doc>
<status status="PASS" start="2025-02-05T23:21:36.246288" elapsed="0.022560"/>
</kw>
<kw name="Fill Text" owner="Browser">
<msg time="2025-02-05T23:21:36.270689" level="INFO">Fills the text 'aluno123' in the given field.</msg>
<arg>css=\#password</arg>
<arg>aluno123</arg>
<tag>PageContent</tag>
<tag>Setter</tag>
<doc>Clears and fills the given ``txt`` into the text field found by ``selector``.</doc>
<status status="PASS" start="2025-02-05T23:21:36.269334" elapsed="0.020808"/>
</kw>
<kw name="Check Checkbox" owner="Browser">
<arg>css=\#administrador</arg>
<tag>PageContent</tag>
<tag>Setter</tag>
<doc>Checks the checkbox or selects radio button found by ``selector``.</doc>
<status status="PASS" start="2025-02-05T23:21:36.290577" elapsed="0.062271"/>
</kw>
<kw name="Click" owner="Browser">
<msg time="2025-02-05T23:21:36.355073" level="INFO">Clicks the element 'css=.btn-primary'.</msg>
<arg>css=.btn-primary</arg>
<tag>PageContent</tag>
<tag>Setter</tag>
<doc>Simulates mouse click on the element found by ``selector``.</doc>
<status status="PASS" start="2025-02-05T23:21:36.353298" elapsed="0.053620"/>
</kw>
<kw name="Sleep" owner="BuiltIn">
<msg time="2025-02-05T23:21:41.409431" level="INFO">Slept 5 seconds.</msg>
<arg>5s</arg>
<doc>Pauses the test executed for the given time.</doc>
<status status="PASS" start="2025-02-05T23:21:36.407388" elapsed="5.002412"/>
</kw>
<status status="PASS" start="2025-02-05T23:21:35.936791" elapsed="5.473245"/>
</kw>
<msg time="2025-02-05T23:21:41.422819" level="INFO">Set timeout to: 10000</msg>
<msg time="2025-02-05T23:21:41.458223" level="INFO">Switching context to context=a40f20d6-8e0c-469e-a226-fdbae14bd5e7 in CURRENT</msg>
<msg time="2025-02-05T23:21:41.476691" level="INFO">Successfully changed active context: context=a40f20d6-8e0c-469e-a226-fdbae14bd5e7</msg>
<msg time="2025-02-05T23:21:41.527673" level="INFO">Successfully closed Context</msg>
<status status="PASS" start="2025-02-05T23:21:31.362021" elapsed="10.048984"/>
</test>
<status status="PASS" start="2025-02-05T23:21:30.554070" elapsed="10.976737"/>
</suite>
<statistics>
<total>
<stat pass="1" fail="0" skip="0">All Tests</stat>
</total>
<tag>
</tag>
<suite>
<stat name="Serve-Rest-Front" id="s1" pass="1" fail="0" skip="0">Serve-Rest-Front</stat>
</suite>
</statistics>
<errors>
</errors>
</robot>
