<?xml version="1.0" encoding="UTF-8"?>
<robot generator="Robot 7.2 (Python 3.13.2 on win32)" generated="2025-02-09T16:36:53.242188" rpa="false" schemaversion="5">
<suite id="s1" name="Serve-Rest-Front" source="d:\Arquivos\Documents\QualityAssurance\Robot\playwright\tests\serve-rest-front.robot">
<test id="s1-t1" name="Desafio: Conferir se o novo usuário é mostrado na listagem de usuários" line="12">
<kw name="Cadastrar novo usuário" owner="serve-rest-front">
<kw name="Abrir o navegador" owner="serve-rest-front">
<kw name="New Browser" owner="Browser">
<msg time="2025-02-09T16:36:54.557547" level="INFO">{"browser": "chromium", "headless": false, "chromiumSandbox": false, "devtools": false, "handleSIGHUP": true, "handleSIGINT": true, "handleSIGTERM": true, "slowMo": 0.0, "timeout": 30000.0, "tracesDir": "D:\\Arquivos\\Documents\\QualityAssurance\\Robot\\playwright\\browser\\traces\\temp\\b58e0f82-9599-4e50-aebf-a8cd1881dc02"}</msg>
<msg time="2025-02-09T16:36:54.631639" level="INFO">Starting Browser process C:\Users\Barbara\AppData\Local\Programs\Python\Python313\Lib\site-packages\Browser\wrapper\index.js using port 58708</msg>
<msg time="2025-02-09T16:36:54.632186" level="INFO">Node startup parameters: ['node', 'C:\\Users\\Barbara\\AppData\\Local\\Programs\\Python\\Python313\\Lib\\site-packages\\Browser\\wrapper\\index.js', '58708']</msg>
<msg time="2025-02-09T16:36:56.041873" level="INFO">Successfully created browser with options: {"browser":"chromium","headless":false,"chromiumSandbox":false,"devtools":false,"handleSIGHUP":true,"handleSIGINT":true,"handleSIGTERM":true,"slowMo":0,"timeout":30000,"tracesDir":"D:\\Arquivos\\Documents\\QualityAssurance\\Robot\\playwright\\browser\\traces\\temp\\b58e0f82-9599-4e50-aebf-a8cd1881dc02"}</msg>
<arg>browser=${BROWSER}</arg>
<arg>headless=${HEADLESS}</arg>
<tag>BrowserControl</tag>
<tag>Setter</tag>
<doc>Create a new playwright Browser with specified options.</doc>
<status status="PASS" start="2025-02-09T16:36:54.555247" elapsed="1.487291"/>
</kw>
<kw name="New Context" owner="Browser">
<msg time="2025-02-09T16:36:56.047392" level="INFO">{
  "acceptDownloads": true,
  "bypassCSP": false,
  "forcedColors": "none",
  "ignoreHTTPSErrors": false,
  "javaScriptEnabled": true,
  "offline": false,
  "reducedMotion": "no-preference",
  "serviceWorkers": "allow",
  "viewport": {
    "height": 800,
    "width": 1200
  }
}</msg>
<msg time="2025-02-09T16:36:56.075456" level="INFO">Successfully created context. </msg>
<msg time="2025-02-09T16:36:56.075771" level="INFO">{'acceptDownloads': True, 'bypassCSP': False, 'forcedColors': 'none', 'ignoreHTTPSErrors': False, 'javaScriptEnabled': True, 'offline': False, 'reducedMotion': 'no-preference', 'serviceWorkers': 'allow', 'viewport': {'height': 800, 'width': 1200}}</msg>
<arg>viewport={'width': 1200, 'height': 800}</arg>
<tag>BrowserControl</tag>
<tag>Setter</tag>
<doc>Create a new BrowserContext with specified options.</doc>
<status status="PASS" start="2025-02-09T16:36:56.043212" elapsed="0.032797"/>
</kw>
<status status="PASS" start="2025-02-09T16:36:54.552382" elapsed="1.523927"/>
</kw>
<kw name="Ir para o site Serve Rest Front" owner="serve-rest-front">
<kw name="New Page" owner="Browser">
<msg time="2025-02-09T16:36:59.691752" level="INFO">Successfully initialized new page object and opened url: https://front.serverest.dev/</msg>
<arg>url=${SITE_SERVE_REST}</arg>
<tag>BrowserControl</tag>
<tag>Setter</tag>
<doc>Open a new Page.</doc>
<status status="PASS" start="2025-02-09T16:36:56.077604" elapsed="3.614656"/>
</kw>
<kw name="Get Title" owner="Browser">
<msg time="2025-02-09T16:36:59.710840" level="INFO">Title: 'Front - ServeRest'</msg>
<msg time="2025-02-09T16:36:59.711340" level="INFO">${title} = Front - ServeRest</msg>
<var>${title}</var>
<arg>==</arg>
<arg>Front - ServeRest</arg>
<tag>Assertion</tag>
<tag>Getter</tag>
<tag>PageContent</tag>
<doc>Returns the title of the current page.</doc>
<status status="PASS" start="2025-02-09T16:36:59.692624" elapsed="0.018894"/>
</kw>
<kw name="Log" owner="BuiltIn">
<msg time="2025-02-09T16:36:59.712778" level="INFO">Front - ServeRest</msg>
<arg>${title}</arg>
<doc>Logs the given message with the given level.</doc>
<status status="PASS" start="2025-02-09T16:36:59.711901" elapsed="0.001156"/>
</kw>
<status status="PASS" start="2025-02-09T16:36:56.076662" elapsed="3.636659"/>
</kw>
<kw name="Preencher os dados do novo usuário e cadastrar" owner="serve-rest-front">
<kw name="Click" owner="Browser">
<msg time="2025-02-09T16:36:59.717360" level="INFO">Clicks the element 'css=a[data-testid='cadastrar']'.</msg>
<arg>css=a[data-testid='cadastrar']</arg>
<tag>PageContent</tag>
<tag>Setter</tag>
<doc>Simulates mouse click on the element found by ``selector``.</doc>
<status status="PASS" start="2025-02-09T16:36:59.715362" elapsed="0.299216"/>
</kw>
<kw name="Email" owner="FakerLibrary">
<msg time="2025-02-09T16:37:00.016624" level="INFO">${EMAIL} = susanharper@example.com</msg>
<var>${EMAIL}</var>
<status status="PASS" start="2025-02-09T16:37:00.015040" elapsed="0.001906"/>
</kw>
<kw name="Set Test Variable" owner="BuiltIn">
<msg time="2025-02-09T16:37:00.018743" level="INFO">${EMAIL} = susanharper@example.com</msg>
<arg>${EMAIL}</arg>
<doc>Makes a variable available everywhere within the scope of the current test.</doc>
<status status="PASS" start="2025-02-09T16:37:00.017367" elapsed="0.001689"/>
</kw>
<kw name="Fill Text" owner="Browser">
<msg time="2025-02-09T16:37:00.020856" level="INFO">Fills the text 'Mayara Fernandes' in the given field.</msg>
<arg>css=input[data-testid='nome']</arg>
<arg>Mayara Fernandes</arg>
<tag>PageContent</tag>
<tag>Setter</tag>
<doc>Clears and fills the given ``txt`` into the text field found by ``selector``.</doc>
<status status="PASS" start="2025-02-09T16:37:00.019389" elapsed="0.024202"/>
</kw>
<kw name="Fill Text" owner="Browser">
<msg time="2025-02-09T16:37:00.045283" level="INFO">Fills the text 'susanharper@example.com' in the given field.</msg>
<arg>css=input[data-testid='email']</arg>
<arg>${EMAIL}</arg>
<tag>PageContent</tag>
<tag>Setter</tag>
<doc>Clears and fills the given ``txt`` into the text field found by ``selector``.</doc>
<status status="PASS" start="2025-02-09T16:37:00.044031" elapsed="0.021714"/>
</kw>
<kw name="Fill Text" owner="Browser">
<msg time="2025-02-09T16:37:00.067981" level="INFO">Fills the text '123456' in the given field.</msg>
<arg>css=input[data-testid='password']</arg>
<arg>123456</arg>
<tag>PageContent</tag>
<tag>Setter</tag>
<doc>Clears and fills the given ``txt`` into the text field found by ``selector``.</doc>
<status status="PASS" start="2025-02-09T16:37:00.066178" elapsed="0.022742"/>
</kw>
<kw name="Check Checkbox" owner="Browser">
<arg>css=input[data-testid='checkbox']</arg>
<tag>PageContent</tag>
<tag>Setter</tag>
<doc>Checks the checkbox or selects radio button found by ``selector``.</doc>
<status status="PASS" start="2025-02-09T16:37:00.089296" elapsed="0.059972"/>
</kw>
<kw name="Click" owner="Browser">
<msg time="2025-02-09T16:37:00.151058" level="INFO">Clicks the element 'xpath=//*[@id="root"]//button &gt;&gt; text="Cadastrar"'.</msg>
<arg>xpath=//*[@id="root"]//button &gt;&gt; text="Cadastrar"</arg>
<tag>PageContent</tag>
<tag>Setter</tag>
<doc>Simulates mouse click on the element found by ``selector``.</doc>
<status status="PASS" start="2025-02-09T16:37:00.149717" elapsed="0.055060"/>
</kw>
<status status="PASS" start="2025-02-09T16:36:59.713834" elapsed="0.491320"/>
</kw>
<kw name="Conferir usuário cadastrado com sucesso" owner="serve-rest-front">
<kw name="Wait For Elements State" owner="Browser">
<msg time="2025-02-09T16:37:05.118176" level="INFO">Waited for Element with selector h1 at state visible</msg>
<arg>h1</arg>
<arg>visible</arg>
<tag>PageContent</tag>
<tag>Wait</tag>
<doc>Waits for the element found by ``selector`` to satisfy state option.</doc>
<status status="PASS" start="2025-02-09T16:37:00.206545" elapsed="4.912347"/>
</kw>
<kw name="Get Text" owner="Browser">
<msg time="2025-02-09T16:37:05.170865" level="INFO">Text: 'Bem Vindo Mayara Fernandes'</msg>
<arg>h1</arg>
<arg>==</arg>
<arg>Bem Vindo Mayara Fernandes</arg>
<tag>Assertion</tag>
<tag>Getter</tag>
<tag>PageContent</tag>
<doc>Returns text attribute of the element found by ``selector``.</doc>
<status status="PASS" start="2025-02-09T16:37:05.119402" elapsed="0.053848"/>
</kw>
<kw name="Get Element States" owner="Browser">
<msg time="2025-02-09T16:37:05.226316" level="INFO">States are: ['attached', 'visible', 'enabled', 'defocused']</msg>
<arg>css=button[data-testid='logout']</arg>
<arg>validate</arg>
<arg>value &amp; visible</arg>
<tag>Assertion</tag>
<tag>Getter</tag>
<tag>PageContent</tag>
<doc>Get the active states from the element found by ``selector``.</doc>
<status status="PASS" start="2025-02-09T16:37:05.173828" elapsed="0.052799"/>
</kw>
<status status="PASS" start="2025-02-09T16:37:00.205516" elapsed="5.021327"/>
</kw>
<status status="PASS" start="2025-02-09T16:36:54.551061" elapsed="10.675935"/>
</kw>
<kw name="Acessar a Lista de usuários" owner="serve-rest-front">
<kw name="Click" owner="Browser">
<msg time="2025-02-09T16:37:05.230500" level="INFO">Clicks the element 'css=a[data-testid='listarUsuarios']'.</msg>
<arg>css=a[data-testid='listarUsuarios']</arg>
<tag>PageContent</tag>
<tag>Setter</tag>
<doc>Simulates mouse click on the element found by ``selector``.</doc>
<status status="PASS" start="2025-02-09T16:37:05.228867" elapsed="0.043198"/>
</kw>
<status status="PASS" start="2025-02-09T16:37:05.227678" elapsed="0.044834"/>
</kw>
<kw name="Conferir que o usuário aparece na listagem" owner="serve-rest-front">
<kw name="Get Table Cell Element" owner="Browser">
<msg time="2025-02-09T16:37:05.293361" level="INFO">JavaScript executed successfully.</msg>
<msg time="2025-02-09T16:37:06.186596" level="INFO">Locator found successfully.</msg>
<msg time="2025-02-09T16:37:06.187210" level="INFO">${elemento} = css=table &gt;&gt; tr &gt;&gt; nth=151 &gt;&gt; &gt; * &gt;&gt; nth=0</msg>
<var>${elemento}</var>
<arg>css=table</arg>
<arg>"Nome"</arg>
<arg>"${EMAIL}"</arg>
<tag>Getter</tag>
<tag>PageContent</tag>
<doc>Returns the Web Element that has the same column index and same row index as the selected elements.</doc>
<status status="PASS" start="2025-02-09T16:37:05.274731" elapsed="0.912699"/>
</kw>
<kw name="Get Text" owner="Browser">
<msg time="2025-02-09T16:37:06.219240" level="INFO">Text: 'Mayara Fernandes'</msg>
<msg time="2025-02-09T16:37:06.219736" level="INFO">${usuario_nome} = Mayara Fernandes</msg>
<var>${usuario_nome}</var>
<arg>${elemento}</arg>
<arg>==</arg>
<arg>Mayara Fernandes</arg>
<tag>Assertion</tag>
<tag>Getter</tag>
<tag>PageContent</tag>
<doc>Returns text attribute of the element found by ``selector``.</doc>
<status status="PASS" start="2025-02-09T16:37:06.187886" elapsed="0.032042"/>
</kw>
<kw name="Highlight Elements" owner="Browser">
<msg time="2025-02-09T16:37:06.253775" level="INFO">Highlighted 1 elements for 5000.</msg>
<arg>${elemento}</arg>
<tag>PageContent</tag>
<tag>Setter</tag>
<doc>Adds a highlight to elements matched by the ``selector``. Provides a style adjustment.</doc>
<status status="PASS" start="2025-02-09T16:37:06.220338" elapsed="0.033933"/>
</kw>
<kw name="Take Screenshot" owner="Browser">
<msg time="2025-02-09T16:37:08.264582" level="INFO" html="true">&lt;/td&gt;&lt;/tr&gt;&lt;tr&gt;&lt;td colspan="3"&gt;&lt;a href="browser/screenshot/robotframework-browser-screenshot-1.png" target="_blank"&gt;&lt;img src="browser/screenshot/robotframework-browser-screenshot-1.png" width="800px"/&gt;&lt;/a&gt;</msg>
<arg>fullPage=${true}</arg>
<tag>PageContent</tag>
<doc>Takes a screenshot of the current window or element and saves it to disk.</doc>
<status status="PASS" start="2025-02-09T16:37:06.254661" elapsed="2.010347"/>
</kw>
<status status="PASS" start="2025-02-09T16:37:05.273382" elapsed="2.991893"/>
</kw>
<msg time="2025-02-09T16:37:08.272456" level="INFO">Set timeout to: 10000</msg>
<msg time="2025-02-09T16:37:08.293806" level="INFO">Switching context to context=61acff97-35e5-4895-83a2-ced34fed43d4 in CURRENT</msg>
<msg time="2025-02-09T16:37:08.307709" level="INFO">Successfully changed active context: context=61acff97-35e5-4895-83a2-ced34fed43d4</msg>
<msg time="2025-02-09T16:37:08.350937" level="INFO">Successfully closed Context</msg>
<status status="PASS" start="2025-02-09T16:36:54.548590" elapsed="13.717463"/>
</test>
<status status="PASS" start="2025-02-09T16:36:53.249439" elapsed="15.108894"/>
</suite>
<statistics>
<total>
<stat pass="1" fail="0" skip="0">All Tests</stat>
</total>
<tag>
</tag>
<suite>
<stat name="Serve-Rest-Front" id="s1" pass="1" fail="0" skip="0">Serve-Rest-Front</stat>
</suite>
</statistics>
<errors>
</errors>
</robot>
